#
# A fatal error has been detected by the Java Runtime Environment:
#
#  Internal Error (classFileParser.cpp:3494), pid=13904, tid=6448
#  Error: ShouldNotReachHere()
#
# JRE version: 6.0_38-b05
# Java VM: Java HotSpot(TM) Client VM (20.13-b02 mixed mode windows-x86 )
# If you would like to submit a bug report, please visit:
#   http://java.sun.com/webapps/bugreport/crash.jsp
#

---------------  T H R E A D  ---------------

Current thread (0x021da000):  JavaThread "Unknown thread" [_thread_in_vm, id=6448, stack(0x002d0000,0x00320000)]

Stack: [0x002d0000,0x00320000],  sp=0x0031f868,  free space=318k
Native frames: (J=compiled Java code, j=interpreted, Vv=VM code, C=native code)
V  [jvm.dll+0x1348ea]
V  [jvm.dll+0x12f3db]
V  [jvm.dll+0x1676e]
V  [jvm.dll+0x17faf]
V  [jvm.dll+0x27565]
V  [jvm.dll+0x27da6]
V  [jvm.dll+0x28155]
V  [jvm.dll+0x281e9]
V  [jvm.dll+0x282ac]
V  [jvm.dll+0x2832a]
V  [jvm.dll+0x2840d]
V  [jvm.dll+0x286d9]
V  [jvm.dll+0x6cdb3]
V  [jvm.dll+0x6d18c]
V  [jvm.dll+0xfa77c]
V  [jvm.dll+0x1190cb]
V  [jvm.dll+0x9f4c0]
C  [javaw.exe+0x1657]
C  [javaw.exe+0x1e2c]
C  [javaw.exe+0x8614]
C  [KERNEL32.DLL+0x28543]  BaseThreadInitThunk+0xe
C  [ntdll.dll+0x5ac69]  RtlInitializeExceptionChain+0x85
C  [ntdll.dll+0x5ac3c]  RtlInitializeExceptionChain+0x58


---------------  P R O C E S S  ---------------

Java Threads: ( => current thread )

Other Threads:

=>0x021da000 (exited) JavaThread "Unknown thread" [_thread_in_vm, id=6448, stack(0x002d0000,0x00320000)]

VM state:not at safepoint (not fully initialized)

VM Mutex/Monitor currently owned by a thread: None

Dynamic libraries:
0x00400000 - 0x00425000 	C:\Program Files (x86)\Java\jdk1.6.0_38\bin\javaw.exe
0x77b20000 - 0x77c77000 	C:\windows\SYSTEM32\ntdll.dll
0x76710000 - 0x76840000 	C:\windows\SYSTEM32\KERNEL32.DLL
0x752c0000 - 0x75366000 	C:\windows\SYSTEM32\KERNELBASE.dll
0x76de0000 - 0x76e8e000 	C:\windows\SYSTEM32\ADVAPI32.dll
0x778c0000 - 0x779d6000 	C:\windows\SYSTEM32\USER32.dll
0x77120000 - 0x771d1000 	C:\windows\SYSTEM32\msvcrt.dll
0x77500000 - 0x77534000 	C:\windows\SYSTEM32\sechost.dll
0x765c0000 - 0x7666c000 	C:\windows\SYSTEM32\RPCRT4.dll
0x76840000 - 0x7693d000 	C:\windows\SYSTEM32\GDI32.dll
0x751c0000 - 0x751dc000 	C:\windows\SYSTEM32\SspiCli.dll
0x751b0000 - 0x751b9000 	C:\windows\SYSTEM32\CRYPTBASE.dll
0x75150000 - 0x751a1000 	C:\windows\SYSTEM32\bcryptPrimitives.dll
0x76e90000 - 0x76eb0000 	C:\windows\system32\IMM32.DLL
0x751e0000 - 0x752bd000 	C:\windows\SYSTEM32\MSCTF.dll
0x7c340000 - 0x7c396000 	C:\Program Files (x86)\Java\jdk1.6.0_38\jre\bin\msvcr71.dll
0x6d8c0000 - 0x6db70000 	C:\Program Files (x86)\Java\jdk1.6.0_38\jre\bin\client\jvm.dll
0x74bf0000 - 0x74c11000 	C:\windows\SYSTEM32\WINMM.dll
0x74bc0000 - 0x74bea000 	C:\windows\SYSTEM32\WINMMBASE.dll
0x737a0000 - 0x73847000 	C:\windows\system32\apphelp.dll
0x6d870000 - 0x6d87c000 	C:\Program Files (x86)\Java\jdk1.6.0_38\jre\bin\verify.dll
0x6d3d0000 - 0x6d3ef000 	C:\Program Files (x86)\Java\jdk1.6.0_38\jre\bin\java.dll
0x6d420000 - 0x6d449000 	C:\Program Files (x86)\Java\jdk1.6.0_38\jre\bin\jdwp.dll
0x6d740000 - 0x6d746000 	C:\Program Files (x86)\Java\jdk1.6.0_38\jre\bin\npt.dll
0x6d8b0000 - 0x6d8bf000 	C:\Program Files (x86)\Java\jdk1.6.0_38\jre\bin\zip.dll
0x76700000 - 0x76706000 	C:\windows\system32\PSAPI.DLL

VM Arguments:
jvm_args: -agentlib:jdwp=transport=dt_socket,suspend=y,address=localhost:55519 -Dfile.encoding=Cp1252 -Xbootclasspath:F:\study\CGGT\CIS542\project\android\adt-bundle-windows-x86-20130219\adt-bundle-windows-x86-20130219\sdk\platforms\android-17\android.jar 
java_command: com.example.trackingsystem.TrackingSystem
Launcher Type: SUN_STANDARD

Environment Variables:
CLASSPATH=.;C:\Program Files (x86)\Java\jre6\lib\ext\QTJava.zip
PATH=C:\Program Files (x86)\Java\jdk1.6.0_38\jre\bin;C:/Program Files (x86)/Java/jdk1.6.0_38/bin/../jre/bin/client;C:/Program Files (x86)/Java/jdk1.6.0_38/bin/../jre/bin;C:/Program Files (x86)/Java/jdk1.6.0_38/bin/../jre/lib/i386;C:\Program Files (x86)\NVIDIA Corporation\PhysX\Common;C:\Qt\4.8.4\bin;C:\Program Files (x86)\Windows Kits\8.0\Windows Performance Toolkit\;C:\Program Files (x86)\Java\jdk1.6.0_38\bin;C:\Program Files (x86)\Java\jdk1.6.0_38\lib;C:\Program Files (x86)\QuickTime\QTSystem\;C:\CTEX\UserData\miktex\bin;C:\CTEX\MiKTeX\miktex\bin;C:\CTEX\CTeX\ctex\bin;C:\CTEX\CTeX\cct\bin;C:\CTEX\CTeX\ty\bin;C:\CTEX\Ghostscript\gs9.05\bin;C:\CTEX\GSview\gsview;C:\CTEX\WinEdt;C:\Program Files (x86)\Microsoft SQL Server\100\Tools\Binn\;C:\Program Files\Microsoft SQL Server\100\Tools\Binn\;C:\Program Files\Microsoft SQL Server\100\DTS\Binn\;C:\Program Files\3Delight\bin;C:\Program Files\Vim\vim72;F:\study\CGGT\CIS542\project\android\adt-bundle-windows-x86-20130219\adt-bundle-windows-x86-20130219\sdk\platform-tools;F:\study\CGGT\CIS542\project\android\adt-bundle-windows-x86-20130219\adt-bundle-windows-x86-20130219\sdk\tools;C:\Program Files\Intel\WiFi\bin\;C:\Program Files\Common Files\Intel\WirelessCommon\;C:\Program Files (x86)\Java\jdk1.6.0_38\bin;C:\Program Files (x86)\Java\jdk1.6.0_38\lib;C:\Program Files\Vim\vim72;F:\study\CGGT\CIS542\project\android\TrackingSystem;
USERNAME=Xiao
OS=Windows_NT
PROCESSOR_IDENTIFIER=Intel64 Family 6 Model 58 Stepping 9, GenuineIntel



---------------  S Y S T E M  ---------------

OS: Windows 8 , 64 bit Build 9200 

CPU:total 8 (4 cores per cpu, 2 threads per core) family 6 model 58 stepping 9, cmov, cx8, fxsr, mmx, sse, sse2, sse3, ssse3, sse4.1, sse4.2, popcnt, ht

Memory: 4k page, physical 8334616k(4060552k free), swap 9579800k(4390292k free)

vm_info: Java HotSpot(TM) Client VM (20.13-b02) for windows-x86 JRE (1.6.0_38-b05), built on Nov 14 2012 01:54:26 by "java_re" with MS VC++ 7.1 (VS2003)

time: Tue Mar 19 12:27:56 2013
elapsed time: 0 seconds

