#
# A fatal error has been detected by the Java Runtime Environment:
#
#  Internal Error (classFileParser.cpp:3494), pid=8552, tid=9280
#  Error: ShouldNotReachHere()
#
# JRE version: 6.0_38-b05
# Java VM: Java HotSpot(TM) Client VM (20.13-b02 mixed mode windows-x86 )
# If you would like to submit a bug report, please visit:
#   http://java.sun.com/webapps/bugreport/crash.jsp
#

---------------  T H R E A D  ---------------

Current thread (0x001e9c00):  JavaThread "Unknown thread" [_thread_in_vm, id=9280, stack(0x00310000,0x00360000)]

Stack: [0x00310000,0x00360000],  sp=0x0035f868,  free space=318k
Native frames: (J=compiled Java code, j=interpreted, Vv=VM code, C=native code)
V  [jvm.dll+0x1348ea]
V  [jvm.dll+0x12f3db]
V  [jvm.dll+0x1676e]
V  [jvm.dll+0x17faf]
V  [jvm.dll+0x27565]
V  [jvm.dll+0x27da6]
V  [jvm.dll+0x28155]
V  [jvm.dll+0x281e9]
V  [jvm.dll+0x282ac]
V  [jvm.dll+0x2832a]
V  [jvm.dll+0x2840d]
V  [jvm.dll+0x286d9]
V  [jvm.dll+0x6cdb3]
V  [jvm.dll+0x6d18c]
V  [jvm.dll+0xfa77c]
V  [jvm.dll+0x1190cb]
V  [jvm.dll+0x9f4c0]
C  [javaw.exe+0x1657]
C  [javaw.exe+0x1e2c]
C  [javaw.exe+0x8614]
C  [KERNEL32.DLL+0x28543]  BaseThreadInitThunk+0xe
C  [ntdll.dll+0x5ac69]  RtlInitializeExceptionChain+0x85
C  [ntdll.dll+0x5ac3c]  RtlInitializeExceptionChain+0x58


---------------  P R O C E S S  ---------------

Java Threads: ( => current thread )

Other Threads:

=>0x001e9c00 (exited) JavaThread "Unknown thread" [_thread_in_vm, id=9280, stack(0x00310000,0x00360000)]

VM state:not at safepoint (not fully initialized)

VM Mutex/Monitor currently owned by a thread: None

Dynamic libraries:
0x00400000 - 0x00425000 	C:\Program Files (x86)\Java\jdk1.6.0_38\bin\javaw.exe
0x77410000 - 0x77567000 	C:\windows\SYSTEM32\ntdll.dll
0x76150000 - 0x76280000 	C:\windows\SYSTEM32\KERNEL32.DLL
0x75f80000 - 0x76026000 	C:\windows\SYSTEM32\KERNELBASE.dll
0x758d0000 - 0x7597e000 	C:\windows\SYSTEM32\ADVAPI32.dll
0x74d40000 - 0x74e56000 	C:\windows\SYSTEM32\USER32.dll
0x75020000 - 0x750d1000 	C:\windows\SYSTEM32\msvcrt.dll
0x74eb0000 - 0x74ee4000 	C:\windows\SYSTEM32\sechost.dll
0x75300000 - 0x753ac000 	C:\windows\SYSTEM32\RPCRT4.dll
0x76050000 - 0x7614d000 	C:\windows\SYSTEM32\GDI32.dll
0x74ab0000 - 0x74acc000 	C:\windows\SYSTEM32\SspiCli.dll
0x74aa0000 - 0x74aa9000 	C:\windows\SYSTEM32\CRYPTBASE.dll
0x74a40000 - 0x74a91000 	C:\windows\SYSTEM32\bcryptPrimitives.dll
0x750e0000 - 0x75100000 	C:\windows\system32\IMM32.DLL
0x74f40000 - 0x7501d000 	C:\windows\SYSTEM32\MSCTF.dll
0x7c340000 - 0x7c396000 	C:\Program Files (x86)\Java\jdk1.6.0_38\jre\bin\msvcr71.dll
0x6d8c0000 - 0x6db70000 	C:\Program Files (x86)\Java\jdk1.6.0_38\jre\bin\client\jvm.dll
0x73e90000 - 0x73eb1000 	C:\windows\SYSTEM32\WINMM.dll
0x73e60000 - 0x73e8a000 	C:\windows\SYSTEM32\WINMMBASE.dll
0x73090000 - 0x73137000 	C:\windows\system32\apphelp.dll
0x6d870000 - 0x6d87c000 	C:\Program Files (x86)\Java\jdk1.6.0_38\jre\bin\verify.dll
0x6d3d0000 - 0x6d3ef000 	C:\Program Files (x86)\Java\jdk1.6.0_38\jre\bin\java.dll
0x6d8b0000 - 0x6d8bf000 	C:\Program Files (x86)\Java\jdk1.6.0_38\jre\bin\zip.dll
0x75f00000 - 0x75f06000 	C:\windows\system32\PSAPI.DLL

VM Arguments:
jvm_args: -Dfile.encoding=Cp1252 -Xbootclasspath:F:\study\CGGT\CIS542\project\android\adt-bundle-windows-x86-20130219\adt-bundle-windows-x86-20130219\sdk\platforms\android-17\android.jar 
java_command: com.example.trackingsystem.TrackingSystem
Launcher Type: SUN_STANDARD

Environment Variables:
CLASSPATH=.;C:\Program Files (x86)\Java\jre6\lib\ext\QTJava.zip
PATH=C:/Program Files (x86)/Java/jdk1.6.0_38/bin/../jre/bin/client;C:/Program Files (x86)/Java/jdk1.6.0_38/bin/../jre/bin;C:/Program Files (x86)/Java/jdk1.6.0_38/bin/../jre/lib/i386;C:\Program Files (x86)\NVIDIA Corporation\PhysX\Common;C:\Qt\4.8.4\bin;C:\Program Files (x86)\Windows Kits\8.0\Windows Performance Toolkit\;C:\Program Files (x86)\Java\jdk1.6.0_38\bin;C:\Program Files (x86)\Java\jdk1.6.0_38\lib;C:\Program Files (x86)\QuickTime\QTSystem\;C:\CTEX\UserData\miktex\bin;C:\CTEX\MiKTeX\miktex\bin;C:\CTEX\CTeX\ctex\bin;C:\CTEX\CTeX\cct\bin;C:\CTEX\CTeX\ty\bin;C:\CTEX\Ghostscript\gs9.05\bin;C:\CTEX\GSview\gsview;C:\CTEX\WinEdt;C:\Program Files (x86)\Microsoft SQL Server\100\Tools\Binn\;C:\Program Files\Microsoft SQL Server\100\Tools\Binn\;C:\Program Files\Microsoft SQL Server\100\DTS\Binn\;C:\Program Files\3Delight\bin;C:\Program Files\Vim\vim72;F:\study\CGGT\CIS542\project\android\adt-bundle-windows-x86-20130219\adt-bundle-windows-x86-20130219\sdk\platform-tools;F:\study\CGGT\CIS542\project\android\adt-bundle-windows-x86-20130219\adt-bundle-windows-x86-20130219\sdk\tools;C:\Program Files\Intel\WiFi\bin\;C:\Program Files\Common Files\Intel\WirelessCommon\;C:\Program Files (x86)\Java\jdk1.6.0_38\bin;C:\Program Files (x86)\Java\jdk1.6.0_38\lib;C:\Program Files\Vim\vim72;F:\study\CGGT\CIS542\project\android\adt-bundle-windows-x86-20130219\adt-bundle-windows-x86-20130219\eclipse;
USERNAME=Xiao
OS=Windows_NT
PROCESSOR_IDENTIFIER=Intel64 Family 6 Model 58 Stepping 9, GenuineIntel



---------------  S Y S T E M  ---------------

OS: Windows 8 , 64 bit Build 9200 

CPU:total 8 (4 cores per cpu, 2 threads per core) family 6 model 58 stepping 9, cmov, cx8, fxsr, mmx, sse, sse2, sse3, ssse3, sse4.1, sse4.2, popcnt, ht

Memory: 4k page, physical 8334616k(4457544k free), swap 9579800k(5006772k free)

vm_info: Java HotSpot(TM) Client VM (20.13-b02) for windows-x86 JRE (1.6.0_38-b05), built on Nov 14 2012 01:54:26 by "java_re" with MS VC++ 7.1 (VS2003)

time: Tue Mar 26 16:12:57 2013
elapsed time: 0 seconds

